This file contains any messages produced by compilers while
running configure, to aid debugging if configure makes a mistake.

It was created by LibRaw configure 0.19.5, which was
generated by GNU Autoconf 2.69.  Invocation command line was

  $ ./configure 

## --------- ##
## Platform. ##
## --------- ##

hostname = alex-barlow.lan
uname -m = x86_64
uname -r = 19.4.0
uname -s = Darwin
uname -v = Darwin Kernel Version 19.4.0: Wed Mar  4 22:28:40 PST 2020; root:xnu-6153.101.6~15/RELEASE_X86_64

/usr/bin/uname -p = i386
/bin/uname -X     = unknown

/bin/arch              = unknown
/usr/bin/arch -k       = unknown
/usr/convex/getsysinfo = unknown
/usr/bin/hostinfo      = Mach kernel version:
	 Darwin Kernel Version 19.4.0: Wed Mar  4 22:28:40 PST 2020; root:xnu-6153.101.6~15/RELEASE_X86_64
Kernel configured for up to 16 processors.
8 processors are physically available.
16 processors are logically available.
Processor type: x86_64h (Intel x86-64h Haswell)
Processors active: 0 1 2 3 4 5 6 7 8 9 10 11 12 13 14 15
Primary memory available: 32.00 gigabytes
Default processor set: 593 tasks, 3101 threads, 16 processors
Load average: 7.11, Mach factor: 10.46
/bin/machine           = unknown
/usr/bin/oslevel       = unknown
/bin/universe          = unknown

PATH: /usr/local/Cellar/emscripten/1.39.11/libexec/system/bin
PATH: /Users/alex/code/google-cloud-sdk/bin
PATH: /Users/alex/bin
PATH: ./node_modules/.bin
PATH: /Users/alex/.rbenv/shims
PATH: /Users/alex/go/bin
PATH: /usr/local/bin
PATH: /usr/bin
PATH: /bin
PATH: /usr/sbin
PATH: /sbin
PATH: /Users/alex/bin
PATH: ./node_modules/.bin
PATH: /Users/alex/.rbenv/shims
PATH: /Users/alex/go/bin
PATH: /Users/alex/.fzf/bin


## ----------- ##
## Core tests. ##
## ----------- ##

configure:2435: checking for a BSD-compatible install
configure:2503: result: /usr/bin/install -c
configure:2514: checking whether build environment is sane
configure:2569: result: yes
configure:2720: checking for a thread-safe mkdir -p
configure:2759: result: ./install-sh -c -d
configure:2766: checking for gawk
configure:2796: result: no
configure:2766: checking for mawk
configure:2796: result: no
configure:2766: checking for nawk
configure:2796: result: no
configure:2766: checking for awk
configure:2782: found /usr/bin/awk
configure:2793: result: awk
configure:2804: checking whether make sets $(MAKE)
configure:2826: result: yes
configure:2855: checking whether make supports nested variables
configure:2872: result: yes
configure:3105: checking for C++ compiler version
configure:3114: /usr/local/Cellar/emscripten/1.39.11/libexec/em++ --version >&5
emcc (Emscripten gcc/clang-like replacement) 1.39.11
Copyright (C) 2014 the Emscripten authors (see AUTHORS.txt)
This is free and open source software under the MIT license.
There is NO warranty; not even for MERCHANTABILITY or FITNESS FOR A PARTICULAR PURPOSE.
  
configure:3125: $? = 0
configure:3114: /usr/local/Cellar/emscripten/1.39.11/libexec/em++ -v >&5
emcc (Emscripten gcc/clang-like replacement + linker emulating GNU ld) 1.39.11
clang version 6.0.1  (emscripten 1.39.11 : 1.39.11)
Target: x86_64-apple-darwin19.4.0
Thread model: posix
InstalledDir: /usr/local/opt/emscripten/libexec/llvm/bin
shared:INFO: (Emscripten: Running sanity checks)
configure:3125: $? = 0
configure:3114: /usr/local/Cellar/emscripten/1.39.11/libexec/em++ -V >&5
shared:ERROR: no input files
note that input files without a known suffix are ignored, make sure your input files end with one of: ('.c', '.i', '.cpp', '.cxx', '.cc', '.c++', '.CPP', '.CXX', '.C', '.CC', '.C++', '.ii', '.m', '.mi', '.mm', '.mii', '/dev/null', '.bc', '.o', '.obj', '.lo', '.dylib', '.so', '.a', '.ll', '.h', '.hxx', '.hpp', '.hh', '.H', '.HXX', '.HPP', '.HH')
configure:3125: $? = 1
configure:3114: /usr/local/Cellar/emscripten/1.39.11/libexec/em++ -qversion >&5
shared:ERROR: no input files
note that input files without a known suffix are ignored, make sure your input files end with one of: ('.c', '.i', '.cpp', '.cxx', '.cc', '.c++', '.CPP', '.CXX', '.C', '.CC', '.C++', '.ii', '.m', '.mi', '.mm', '.mii', '/dev/null', '.bc', '.o', '.obj', '.lo', '.dylib', '.so', '.a', '.ll', '.h', '.hxx', '.hpp', '.hh', '.H', '.HXX', '.HPP', '.HH')
configure:3125: $? = 1
configure:3145: checking whether the C++ compiler works
configure:3167: /usr/local/Cellar/emscripten/1.39.11/libexec/em++    conftest.cpp  >&5
configure:3171: $? = 0
configure:3219: result: yes
configure:3222: checking for C++ compiler default output file name
configure:3224: result: a.out
configure:3230: checking for suffix of executables
configure:3237: /usr/local/Cellar/emscripten/1.39.11/libexec/em++ -o conftest    conftest.cpp  >&5
configure:3241: $? = 0
configure:3263: result: 
configure:3285: checking whether we are cross compiling
configure:3293: /usr/local/Cellar/emscripten/1.39.11/libexec/em++ -o conftest    conftest.cpp  >&5
configure:3297: $? = 0
configure:3304: ./conftest
configure:3308: $? = 0
configure:3323: result: no
configure:3328: checking for suffix of object files
configure:3350: /usr/local/Cellar/emscripten/1.39.11/libexec/em++ -c   conftest.cpp >&5
configure:3354: $? = 0
configure:3375: result: o
configure:3379: checking whether we are using the GNU C++ compiler
configure:3398: /usr/local/Cellar/emscripten/1.39.11/libexec/em++ -c   conftest.cpp >&5
configure:3398: $? = 0
configure:3407: result: yes
configure:3416: checking whether /usr/local/Cellar/emscripten/1.39.11/libexec/em++ accepts -g
configure:3436: /usr/local/Cellar/emscripten/1.39.11/libexec/em++ -c -g  conftest.cpp >&5
configure:3436: $? = 0
configure:3477: result: yes
configure:3511: checking for style of include used by make
configure:3539: result: GNU
configure:3565: checking dependency style of /usr/local/Cellar/emscripten/1.39.11/libexec/em++
configure:3676: result: gcc3
configure:3739: checking for gcc
configure:3766: result: /usr/local/Cellar/emscripten/1.39.11/libexec/emcc
configure:3995: checking for C compiler version
configure:4004: /usr/local/Cellar/emscripten/1.39.11/libexec/emcc --version >&5
emcc (Emscripten gcc/clang-like replacement) 1.39.11
Copyright (C) 2014 the Emscripten authors (see AUTHORS.txt)
This is free and open source software under the MIT license.
There is NO warranty; not even for MERCHANTABILITY or FITNESS FOR A PARTICULAR PURPOSE.
  
configure:4015: $? = 0
configure:4004: /usr/local/Cellar/emscripten/1.39.11/libexec/emcc -v >&5
emcc (Emscripten gcc/clang-like replacement + linker emulating GNU ld) 1.39.11
clang version 6.0.1  (emscripten 1.39.11 : 1.39.11)
Target: x86_64-apple-darwin19.4.0
Thread model: posix
InstalledDir: /usr/local/opt/emscripten/libexec/llvm/bin
shared:INFO: (Emscripten: Running sanity checks)
configure:4015: $? = 0
configure:4004: /usr/local/Cellar/emscripten/1.39.11/libexec/emcc -V >&5
shared:ERROR: no input files
note that input files without a known suffix are ignored, make sure your input files end with one of: ('.c', '.i', '.cpp', '.cxx', '.cc', '.c++', '.CPP', '.CXX', '.C', '.CC', '.C++', '.ii', '.m', '.mi', '.mm', '.mii', '/dev/null', '.bc', '.o', '.obj', '.lo', '.dylib', '.so', '.a', '.ll', '.h', '.hxx', '.hpp', '.hh', '.H', '.HXX', '.HPP', '.HH')
configure:4015: $? = 1
configure:4004: /usr/local/Cellar/emscripten/1.39.11/libexec/emcc -qversion >&5
shared:ERROR: no input files
note that input files without a known suffix are ignored, make sure your input files end with one of: ('.c', '.i', '.cpp', '.cxx', '.cc', '.c++', '.CPP', '.CXX', '.C', '.CC', '.C++', '.ii', '.m', '.mi', '.mm', '.mii', '/dev/null', '.bc', '.o', '.obj', '.lo', '.dylib', '.so', '.a', '.ll', '.h', '.hxx', '.hpp', '.hh', '.H', '.HXX', '.HPP', '.HH')
configure:4015: $? = 1
configure:4019: checking whether we are using the GNU C compiler
configure:4038: /usr/local/Cellar/emscripten/1.39.11/libexec/emcc -c   conftest.c >&5
configure:4038: $? = 0
configure:4047: result: yes
configure:4056: checking whether /usr/local/Cellar/emscripten/1.39.11/libexec/emcc accepts -g
configure:4076: /usr/local/Cellar/emscripten/1.39.11/libexec/emcc -c -g  conftest.c >&5
configure:4076: $? = 0
configure:4117: result: yes
configure:4134: checking for /usr/local/Cellar/emscripten/1.39.11/libexec/emcc option to accept ISO C89
configure:4197: /usr/local/Cellar/emscripten/1.39.11/libexec/emcc  -c -g -O2  conftest.c >&5
configure:4197: $? = 0
configure:4210: result: none needed
configure:4235: checking whether /usr/local/Cellar/emscripten/1.39.11/libexec/emcc understands -c and -o together
configure:4257: /usr/local/Cellar/emscripten/1.39.11/libexec/emcc -c conftest.c -o conftest2.o
configure:4260: $? = 0
configure:4257: /usr/local/Cellar/emscripten/1.39.11/libexec/emcc -c conftest.c -o conftest2.o
configure:4260: $? = 0
configure:4272: result: yes
configure:4291: checking dependency style of /usr/local/Cellar/emscripten/1.39.11/libexec/emcc
configure:4402: result: gcc3
configure:4446: checking build system type
configure:4460: result: x86_64-apple-darwin19.4.0
configure:4480: checking host system type
configure:4493: result: x86_64-apple-darwin19.4.0
configure:4534: checking how to print strings
configure:4561: result: printf
configure:4582: checking for a sed that does not truncate output
configure:4646: result: /usr/bin/sed
configure:4664: checking for grep that handles long lines and -e
configure:4722: result: /usr/bin/grep
configure:4727: checking for egrep
configure:4789: result: /usr/bin/grep -E
configure:4794: checking for fgrep
configure:4856: result: /usr/bin/grep -F
configure:4891: checking for ld used by /usr/local/Cellar/emscripten/1.39.11/libexec/emcc
shared:ERROR: no input files
note that input files without a known suffix are ignored, make sure your input files end with one of: ('.c', '.i', '.cpp', '.cxx', '.cc', '.c++', '.CPP', '.CXX', '.C', '.CC', '.C++', '.ii', '.m', '.mi', '.mm', '.mii', '/dev/null', '.bc', '.o', '.obj', '.lo', '.dylib', '.so', '.a', '.ll', '.h', '.hxx', '.hpp', '.hh', '.H', '.HXX', '.HPP', '.HH')
configure:4958: result: /usr/local/Cellar/emscripten/1.39.11/libexec/emcc
configure:4965: checking if the linker (/usr/local/Cellar/emscripten/1.39.11/libexec/emcc) is GNU ld
configure:4980: result: yes
configure:4992: checking for BSD- or MS-compatible name lister (nm)
configure:5046: result: /usr/local/opt/emscripten/libexec/llvm/bin/llvm-nm
configure:5176: checking the name lister (/usr/local/opt/emscripten/libexec/llvm/bin/llvm-nm) interface
configure:5183: /usr/local/Cellar/emscripten/1.39.11/libexec/emcc -c -g -O2  conftest.c >&5
configure:5186: /usr/local/opt/emscripten/libexec/llvm/bin/llvm-nm "conftest.o"
configure:5189: output
-------- D some_variable
configure:5196: result: BSD nm
configure:5199: checking whether ln -s works
configure:5203: result: yes
configure:5211: checking the maximum length of command line arguments
configure:5342: result: 196608
configure:5390: checking how to convert x86_64-apple-darwin19.4.0 file names to x86_64-apple-darwin19.4.0 format
configure:5430: result: func_convert_file_noop
configure:5437: checking how to convert x86_64-apple-darwin19.4.0 file names to toolchain format
configure:5457: result: func_convert_file_noop
configure:5464: checking for /usr/local/Cellar/emscripten/1.39.11/libexec/emcc option to reload object files
configure:5471: result: -r
configure:5545: checking for objdump
configure:5561: found /usr/bin/objdump
configure:5572: result: objdump
configure:5604: checking how to recognize dependent libraries
configure:5804: result: pass_all
configure:5889: checking for dlltool
configure:5919: result: no
configure:5949: checking how to associate runtime and link libraries
configure:5976: result: printf %s\n
configure:6101: checking for archiver @FILE support
configure:6118: /usr/local/Cellar/emscripten/1.39.11/libexec/emcc -c -g -O2  conftest.c >&5
configure:6118: $? = 0
configure:6121: /usr/local/Cellar/emscripten/1.39.11/libexec/emar cru libconftest.a @conftest.lst >&5
configure:6124: $? = 0
configure:6129: /usr/local/Cellar/emscripten/1.39.11/libexec/emar cru libconftest.a @conftest.lst >&5
Traceback (most recent call last):
  File "/usr/local/Cellar/emscripten/1.39.11/libexec/emar.py", line 97, in <module>
    sys.exit(run())
  File "/usr/local/Cellar/emscripten/1.39.11/libexec/emar.py", line 78, in run
    shutil.copyfile(orig_name, full_newname)
  File "/System/Library/Frameworks/Python.framework/Versions/2.7/lib/python2.7/shutil.py", line 96, in copyfile
    with open(src, 'rb') as fsrc:
IOError: [Errno 2] No such file or directory: 'conftest.o'
configure:6132: $? = 1
configure:6144: result: @
configure:6202: checking for strip
configure:6218: found /usr/bin/strip
configure:6229: result: strip
configure:6301: checking for ranlib
configure:6328: result: /usr/local/Cellar/emscripten/1.39.11/libexec/emranlib
configure:6430: checking command to parse /usr/local/opt/emscripten/libexec/llvm/bin/llvm-nm output from /usr/local/Cellar/emscripten/1.39.11/libexec/emcc object
configure:6583: /usr/local/Cellar/emscripten/1.39.11/libexec/emcc -c -g -O2  conftest.c >&5
configure:6586: $? = 0
configure:6590: /usr/local/opt/emscripten/libexec/llvm/bin/llvm-nm conftest.o \| sed -n -e 's/^.*[ ]\([BCDEGRST][BCDEGRST]*\)[ ][ ]*\([_A-Za-z][_A-Za-z0-9]*\)$/\1 \2 \2/p' | sed '/ __gnu_lto/d' \> conftest.nm
configure:6593: $? = 0
configure:6659: /usr/local/Cellar/emscripten/1.39.11/libexec/emcc -o conftest -g -O2   conftest.c conftstm.o >&5
configure:6662: $? = 0
configure:6700: result: ok
configure:6747: checking for sysroot
configure:6777: result: no
configure:6784: checking for a working dd
configure:6822: result: /bin/dd
configure:6826: checking how to truncate binary pipes
configure:6841: result: /bin/dd bs=4096 count=1
configure:7170: checking for mt
configure:7200: result: no
configure:7220: checking if : is a manifest tool
configure:7226: : '-?'
configure:7234: result: no
configure:7290: checking for dsymutil
configure:7306: found /usr/bin/dsymutil
configure:7317: result: dsymutil
configure:7382: checking for nmedit
configure:7398: found /usr/bin/nmedit
configure:7409: result: nmedit
configure:7474: checking for lipo
configure:7490: found /usr/bin/lipo
configure:7501: result: lipo
configure:7566: checking for otool
configure:7582: found /usr/bin/otool
configure:7593: result: otool
configure:7658: checking for otool64
configure:7688: result: no
configure:7733: checking for -single_module linker flag
/usr/local/Cellar/emscripten/1.39.11/libexec/emcc -g -O2  -o libconftest.dylib -dynamiclib -Wl,-single_module conftest.c
shared:WARNING: ignoring unsupported linker flag: `-single_module`
clang-6.0: warning: argument unused during compilation: '-dynamiclib' [-Wunused-command-line-argument]
configure:7766: result: no
configure:7769: checking for -exported_symbols_list linker flag
configure:7789: /usr/local/Cellar/emscripten/1.39.11/libexec/emcc -o conftest -g -O2   -Wl,-exported_symbols_list,conftest.sym conftest.c  >&5
shared:WARNING: ignoring unsupported linker flag: `-exported_symbols_list`
shared:WARNING: ignoring unsupported linker flag: `conftest.sym`
configure:7789: $? = 0
configure:7799: result: yes
configure:7802: checking for -force_load linker flag
/usr/local/Cellar/emscripten/1.39.11/libexec/emcc -g -O2 -c -o conftest.o conftest.c
/usr/local/Cellar/emscripten/1.39.11/libexec/emar cru libconftest.a conftest.o
/usr/local/Cellar/emscripten/1.39.11/libexec/emranlib libconftest.a
/usr/local/Cellar/emscripten/1.39.11/libexec/emcc -g -O2  -o conftest conftest.c -Wl,-force_load,./libconftest.a
shared:WARNING: ignoring unsupported linker flag: `-force_load`
shared:WARNING: ignoring unsupported linker flag: `./libconftest.a`
configure:7834: result: no
configure:7911: checking how to run the C preprocessor
configure:7942: /usr/local/Cellar/emscripten/1.39.11/libexec/emcc -E  conftest.c
configure:7942: $? = 0
configure:7956: /usr/local/Cellar/emscripten/1.39.11/libexec/emcc -E  conftest.c
conftest.c:9:10: fatal error: 'ac_nonexistent.h' file not found
#include <ac_nonexistent.h>
         ^~~~~~~~~~~~~~~~~~
1 error generated.
configure:7956: $? = 1
configure: failed program was:
| /* confdefs.h */
| #define PACKAGE_NAME "LibRaw"
| #define PACKAGE_TARNAME "libraw"
| #define PACKAGE_VERSION "0.19.5"
| #define PACKAGE_STRING "LibRaw 0.19.5"
| #define PACKAGE_BUGREPORT "info@libraw.org"
| #define PACKAGE_URL "http://www.libraw.org"
| /* end confdefs.h.  */
| #include <ac_nonexistent.h>
configure:7981: result: /usr/local/Cellar/emscripten/1.39.11/libexec/emcc -E
configure:8001: /usr/local/Cellar/emscripten/1.39.11/libexec/emcc -E  conftest.c
configure:8001: $? = 0
configure:8015: /usr/local/Cellar/emscripten/1.39.11/libexec/emcc -E  conftest.c
conftest.c:9:10: fatal error: 'ac_nonexistent.h' file not found
#include <ac_nonexistent.h>
         ^~~~~~~~~~~~~~~~~~
1 error generated.
configure:8015: $? = 1
configure: failed program was:
| /* confdefs.h */
| #define PACKAGE_NAME "LibRaw"
| #define PACKAGE_TARNAME "libraw"
| #define PACKAGE_VERSION "0.19.5"
| #define PACKAGE_STRING "LibRaw 0.19.5"
| #define PACKAGE_BUGREPORT "info@libraw.org"
| #define PACKAGE_URL "http://www.libraw.org"
| /* end confdefs.h.  */
| #include <ac_nonexistent.h>
configure:8044: checking for ANSI C header files
configure:8064: /usr/local/Cellar/emscripten/1.39.11/libexec/emcc -c -g -O2  conftest.c >&5
configure:8064: $? = 0
configure:8137: /usr/local/Cellar/emscripten/1.39.11/libexec/emcc -o conftest -g -O2   conftest.c  >&5
configure:8137: $? = 0
configure:8137: ./conftest
configure:8137: $? = 0
configure:8148: result: yes
configure:8161: checking for sys/types.h
configure:8161: /usr/local/Cellar/emscripten/1.39.11/libexec/emcc -c -g -O2  conftest.c >&5
configure:8161: $? = 0
configure:8161: result: yes
configure:8161: checking for sys/stat.h
configure:8161: /usr/local/Cellar/emscripten/1.39.11/libexec/emcc -c -g -O2  conftest.c >&5
configure:8161: $? = 0
configure:8161: result: yes
configure:8161: checking for stdlib.h
configure:8161: /usr/local/Cellar/emscripten/1.39.11/libexec/emcc -c -g -O2  conftest.c >&5
configure:8161: $? = 0
configure:8161: result: yes
configure:8161: checking for string.h
configure:8161: /usr/local/Cellar/emscripten/1.39.11/libexec/emcc -c -g -O2  conftest.c >&5
configure:8161: $? = 0
configure:8161: result: yes
configure:8161: checking for memory.h
configure:8161: /usr/local/Cellar/emscripten/1.39.11/libexec/emcc -c -g -O2  conftest.c >&5
configure:8161: $? = 0
configure:8161: result: yes
configure:8161: checking for strings.h
configure:8161: /usr/local/Cellar/emscripten/1.39.11/libexec/emcc -c -g -O2  conftest.c >&5
configure:8161: $? = 0
configure:8161: result: yes
configure:8161: checking for inttypes.h
configure:8161: /usr/local/Cellar/emscripten/1.39.11/libexec/emcc -c -g -O2  conftest.c >&5
configure:8161: $? = 0
configure:8161: result: yes
configure:8161: checking for stdint.h
configure:8161: /usr/local/Cellar/emscripten/1.39.11/libexec/emcc -c -g -O2  conftest.c >&5
configure:8161: $? = 0
configure:8161: result: yes
configure:8161: checking for unistd.h
configure:8161: /usr/local/Cellar/emscripten/1.39.11/libexec/emcc -c -g -O2  conftest.c >&5
configure:8161: $? = 0
configure:8161: result: yes
configure:8175: checking for dlfcn.h
configure:8175: /usr/local/Cellar/emscripten/1.39.11/libexec/emcc -c -g -O2  conftest.c >&5
configure:8175: $? = 0
configure:8175: result: yes
configure:8442: checking for objdir
configure:8457: result: .libs
configure:8721: checking if /usr/local/Cellar/emscripten/1.39.11/libexec/emcc supports -fno-rtti -fno-exceptions
configure:8739: /usr/local/Cellar/emscripten/1.39.11/libexec/emcc -c -g -O2  -fno-rtti -fno-exceptions conftest.c >&5
configure:8743: $? = 0
configure:8756: result: yes
configure:9114: checking for /usr/local/Cellar/emscripten/1.39.11/libexec/emcc option to produce PIC
configure:9121: result: -fno-common -DPIC
configure:9129: checking if /usr/local/Cellar/emscripten/1.39.11/libexec/emcc PIC flag -fno-common -DPIC works
configure:9147: /usr/local/Cellar/emscripten/1.39.11/libexec/emcc -c -g -O2  -fno-common -DPIC -DPIC conftest.c >&5
configure:9151: $? = 0
configure:9164: result: yes
configure:9193: checking if /usr/local/Cellar/emscripten/1.39.11/libexec/emcc static flag -static works
configure:9221: result: yes
configure:9236: checking if /usr/local/Cellar/emscripten/1.39.11/libexec/emcc supports -c -o file.o
configure:9257: /usr/local/Cellar/emscripten/1.39.11/libexec/emcc -c -g -O2  -o out/conftest2.o conftest.c >&5
configure:9261: $? = 0
configure:9283: result: yes
configure:9291: checking if /usr/local/Cellar/emscripten/1.39.11/libexec/emcc supports -c -o file.o
configure:9338: result: yes
configure:9371: checking whether the /usr/local/Cellar/emscripten/1.39.11/libexec/emcc linker (/usr/local/Cellar/emscripten/1.39.11/libexec/emcc) supports shared libraries
configure:10630: result: yes
configure:10667: checking whether -lc should be explicitly linked in
configure:10675: /usr/local/Cellar/emscripten/1.39.11/libexec/emcc -c -g -O2  conftest.c >&5
configure:10678: $? = 0
configure:10693: /usr/local/Cellar/emscripten/1.39.11/libexec/emcc -shared  -fno-common -DPIC conftest.o  -v -Wl,-soname -Wl,conftest -o conftest 2\>\&1 \| /usr/bin/grep  -lc  \>/dev/null 2\>\&1
configure:10696: $? = 1
configure:10710: result: yes
configure:10870: checking dynamic linker characteristics
configure:11688: result: darwin19.4.0 dyld
configure:11810: checking how to hardcode library paths into programs
configure:11835: result: immediate
configure:12383: checking whether stripping libraries is possible
configure:12397: result: yes
configure:12423: checking if libtool supports shared libraries
configure:12425: result: yes
configure:12428: checking whether to build shared libraries
configure:12453: result: yes
configure:12456: checking whether to build static libraries
configure:12460: result: yes
configure:12483: checking how to run the C++ preprocessor
configure:12510: /usr/local/Cellar/emscripten/1.39.11/libexec/em++ -E  conftest.cpp
configure:12510: $? = 0
configure:12524: /usr/local/Cellar/emscripten/1.39.11/libexec/em++ -E  conftest.cpp
conftest.cpp:21:10: fatal error: 'ac_nonexistent.h' file not found
#include <ac_nonexistent.h>
         ^~~~~~~~~~~~~~~~~~
1 error generated.
configure:12524: $? = 1
configure: failed program was:
| /* confdefs.h */
| #define PACKAGE_NAME "LibRaw"
| #define PACKAGE_TARNAME "libraw"
| #define PACKAGE_VERSION "0.19.5"
| #define PACKAGE_STRING "LibRaw 0.19.5"
| #define PACKAGE_BUGREPORT "info@libraw.org"
| #define PACKAGE_URL "http://www.libraw.org"
| #define STDC_HEADERS 1
| #define HAVE_SYS_TYPES_H 1
| #define HAVE_SYS_STAT_H 1
| #define HAVE_STDLIB_H 1
| #define HAVE_STRING_H 1
| #define HAVE_MEMORY_H 1
| #define HAVE_STRINGS_H 1
| #define HAVE_INTTYPES_H 1
| #define HAVE_STDINT_H 1
| #define HAVE_UNISTD_H 1
| #define HAVE_DLFCN_H 1
| #define LT_OBJDIR ".libs/"
| /* end confdefs.h.  */
| #include <ac_nonexistent.h>
configure:12549: result: /usr/local/Cellar/emscripten/1.39.11/libexec/em++ -E
configure:12569: /usr/local/Cellar/emscripten/1.39.11/libexec/em++ -E  conftest.cpp
configure:12569: $? = 0
configure:12583: /usr/local/Cellar/emscripten/1.39.11/libexec/em++ -E  conftest.cpp
conftest.cpp:21:10: fatal error: 'ac_nonexistent.h' file not found
#include <ac_nonexistent.h>
         ^~~~~~~~~~~~~~~~~~
1 error generated.
configure:12583: $? = 1
configure: failed program was:
| /* confdefs.h */
| #define PACKAGE_NAME "LibRaw"
| #define PACKAGE_TARNAME "libraw"
| #define PACKAGE_VERSION "0.19.5"
| #define PACKAGE_STRING "LibRaw 0.19.5"
| #define PACKAGE_BUGREPORT "info@libraw.org"
| #define PACKAGE_URL "http://www.libraw.org"
| #define STDC_HEADERS 1
| #define HAVE_SYS_TYPES_H 1
| #define HAVE_SYS_STAT_H 1
| #define HAVE_STDLIB_H 1
| #define HAVE_STRING_H 1
| #define HAVE_MEMORY_H 1
| #define HAVE_STRINGS_H 1
| #define HAVE_INTTYPES_H 1
| #define HAVE_STDINT_H 1
| #define HAVE_UNISTD_H 1
| #define HAVE_DLFCN_H 1
| #define LT_OBJDIR ".libs/"
| /* end confdefs.h.  */
| #include <ac_nonexistent.h>
configure:12745: checking for ld used by /usr/local/Cellar/emscripten/1.39.11/libexec/em++
shared:ERROR: no input files
note that input files without a known suffix are ignored, make sure your input files end with one of: ('.c', '.i', '.cpp', '.cxx', '.cc', '.c++', '.CPP', '.CXX', '.C', '.CC', '.C++', '.ii', '.m', '.mi', '.mm', '.mii', '/dev/null', '.bc', '.o', '.obj', '.lo', '.dylib', '.so', '.a', '.ll', '.h', '.hxx', '.hpp', '.hh', '.H', '.HXX', '.HPP', '.HH')
configure:12812: result: /usr/local/Cellar/emscripten/1.39.11/libexec/emcc
configure:12819: checking if the linker (/usr/local/Cellar/emscripten/1.39.11/libexec/emcc) is GNU ld
configure:12834: result: yes
configure:12889: checking whether the /usr/local/Cellar/emscripten/1.39.11/libexec/em++ linker (/usr/local/Cellar/emscripten/1.39.11/libexec/emcc) supports shared libraries
configure:13962: result: yes
configure:13998: /usr/local/Cellar/emscripten/1.39.11/libexec/em++ -c -g -O2  conftest.cpp >&5
configure:14001: $? = 0
configure:14482: checking for /usr/local/Cellar/emscripten/1.39.11/libexec/em++ option to produce PIC
configure:14489: result: -fno-common -DPIC
configure:14497: checking if /usr/local/Cellar/emscripten/1.39.11/libexec/em++ PIC flag -fno-common -DPIC works
configure:14515: /usr/local/Cellar/emscripten/1.39.11/libexec/em++ -c -g -O2  -fno-common -DPIC -DPIC conftest.cpp >&5
configure:14519: $? = 0
configure:14532: result: yes
configure:14555: checking if /usr/local/Cellar/emscripten/1.39.11/libexec/em++ static flag -static works
configure:14583: result: yes
configure:14595: checking if /usr/local/Cellar/emscripten/1.39.11/libexec/em++ supports -c -o file.o
configure:14616: /usr/local/Cellar/emscripten/1.39.11/libexec/em++ -c -g -O2  -o out/conftest2.o conftest.cpp >&5
configure:14620: $? = 0
configure:14642: result: yes
configure:14647: checking if /usr/local/Cellar/emscripten/1.39.11/libexec/em++ supports -c -o file.o
configure:14694: result: yes
configure:14724: checking whether the /usr/local/Cellar/emscripten/1.39.11/libexec/em++ linker (/usr/local/Cellar/emscripten/1.39.11/libexec/emcc) supports shared libraries
configure:14764: result: yes
configure:14905: checking dynamic linker characteristics
configure:15650: result: darwin19.4.0 dyld
configure:15715: checking how to hardcode library paths into programs
configure:15740: result: immediate
configure:16178: checking for OpenMP flag of C compiler
configure:16214: /usr/local/Cellar/emscripten/1.39.11/libexec/emcc -o conftest -g -O2 -fopenmp   conftest.c  >&5
error: undefined symbol: omp_set_num_threads
warning: To disable errors for undefined symbols use `-s ERROR_ON_UNDEFINED_SYMBOLS=0`
warning: _omp_set_num_threads may need to be added to EXPORTED_FUNCTIONS if it arrives from a system library
Error: Aborting compilation due to previous errors
shared:ERROR: '/usr/local/bin/node /usr/local/Cellar/emscripten/1.39.11/libexec/src/compiler.js /var/folders/hr/tx4f4xr90jl0621d3__lxd400000gn/T/tmppOXvV9.txt' failed (1)
configure:16214: $? = 1
configure: failed program was:
| /* confdefs.h */
| #define PACKAGE_NAME "LibRaw"
| #define PACKAGE_TARNAME "libraw"
| #define PACKAGE_VERSION "0.19.5"
| #define PACKAGE_STRING "LibRaw 0.19.5"
| #define PACKAGE_BUGREPORT "info@libraw.org"
| #define PACKAGE_URL "http://www.libraw.org"
| #define STDC_HEADERS 1
| #define HAVE_SYS_TYPES_H 1
| #define HAVE_SYS_STAT_H 1
| #define HAVE_STDLIB_H 1
| #define HAVE_STRING_H 1
| #define HAVE_MEMORY_H 1
| #define HAVE_STRINGS_H 1
| #define HAVE_INTTYPES_H 1
| #define HAVE_STDINT_H 1
| #define HAVE_UNISTD_H 1
| #define HAVE_DLFCN_H 1
| #define LT_OBJDIR ".libs/"
| /* end confdefs.h.  */
| 
| /* Override any GCC internal prototype to avoid an error.
|    Use char because int might match the return type of a GCC
|    builtin and then its argument prototype would still apply.  */
| #ifdef __cplusplus
| extern "C"
| #endif
| char omp_set_num_threads ();
| int
| main ()
| {
| return omp_set_num_threads ();
|   ;
|   return 0;
| }
configure:16214: /usr/local/Cellar/emscripten/1.39.11/libexec/emcc -o conftest -g -O2 -openmp   conftest.c  >&5
shared:WARNING: Assuming object file output in the absence of `-c`, based on output filename. Please add with `-c` or `-r` to avoid this warning
configure:16214: $? = 0
configure: failed program was:
| /* confdefs.h */
| #define PACKAGE_NAME "LibRaw"
| #define PACKAGE_TARNAME "libraw"
| #define PACKAGE_VERSION "0.19.5"
| #define PACKAGE_STRING "LibRaw 0.19.5"
| #define PACKAGE_BUGREPORT "info@libraw.org"
| #define PACKAGE_URL "http://www.libraw.org"
| #define STDC_HEADERS 1
| #define HAVE_SYS_TYPES_H 1
| #define HAVE_SYS_STAT_H 1
| #define HAVE_STDLIB_H 1
| #define HAVE_STRING_H 1
| #define HAVE_MEMORY_H 1
| #define HAVE_STRINGS_H 1
| #define HAVE_INTTYPES_H 1
| #define HAVE_STDINT_H 1
| #define HAVE_UNISTD_H 1
| #define HAVE_DLFCN_H 1
| #define LT_OBJDIR ".libs/"
| /* end confdefs.h.  */
| 
| /* Override any GCC internal prototype to avoid an error.
|    Use char because int might match the return type of a GCC
|    builtin and then its argument prototype would still apply.  */
| #ifdef __cplusplus
| extern "C"
| #endif
| char omp_set_num_threads ();
| int
| main ()
| {
| return omp_set_num_threads ();
|   ;
|   return 0;
| }
configure:16214: /usr/local/Cellar/emscripten/1.39.11/libexec/emcc -o conftest -g -O2 -mp   conftest.c  >&5
clang-6.0: error: unknown argument: '-mp'
shared:ERROR: '/usr/local/opt/emscripten/libexec/llvm/bin/clang -target asmjs-unknown-emscripten -D__EMSCRIPTEN_major__=1 -D__EMSCRIPTEN_minor__=39 -D__EMSCRIPTEN_tiny__=11 -D_LIBCPP_ABI_VERSION=2 -Werror=implicit-function-declaration -Xclang -nostdsysteminc -Xclang -isystem/usr/local/Cellar/emscripten/1.39.11/libexec/system/include/libcxx -Xclang -isystem/usr/local/Cellar/emscripten/1.39.11/libexec/system/lib/libcxxabi/include -Xclang -isystem/usr/local/Cellar/emscripten/1.39.11/libexec/system/lib/libunwind/include -Xclang -isystem/usr/local/Cellar/emscripten/1.39.11/libexec/system/include/compat -Xclang -isystem/usr/local/Cellar/emscripten/1.39.11/libexec/system/include -Xclang -isystem/usr/local/Cellar/emscripten/1.39.11/libexec/system/include/libc -Xclang -isystem/usr/local/Cellar/emscripten/1.39.11/libexec/system/lib/libc/musl/arch/emscripten -Xclang -isystem/usr/local/Cellar/emscripten/1.39.11/libexec/system/local/include -Xclang -isystem/Users/alex/.emscripten_cache/asmjs/include -g -O2 -mp -DEMSCRIPTEN -mllvm -disable-llvm-optzns conftest.c -Xclang -disable-O0-optnone -Xclang -isystem/usr/local/Cellar/emscripten/1.39.11/libexec/system/include/SDL -c -o /var/folders/hr/tx4f4xr90jl0621d3__lxd400000gn/T/emscripten_temp_Iu2TBH/conftest_0.o -emit-llvm' failed (1)
configure:16214: $? = 1
configure: failed program was:
| /* confdefs.h */
| #define PACKAGE_NAME "LibRaw"
| #define PACKAGE_TARNAME "libraw"
| #define PACKAGE_VERSION "0.19.5"
| #define PACKAGE_STRING "LibRaw 0.19.5"
| #define PACKAGE_BUGREPORT "info@libraw.org"
| #define PACKAGE_URL "http://www.libraw.org"
| #define STDC_HEADERS 1
| #define HAVE_SYS_TYPES_H 1
| #define HAVE_SYS_STAT_H 1
| #define HAVE_STDLIB_H 1
| #define HAVE_STRING_H 1
| #define HAVE_MEMORY_H 1
| #define HAVE_STRINGS_H 1
| #define HAVE_INTTYPES_H 1
| #define HAVE_STDINT_H 1
| #define HAVE_UNISTD_H 1
| #define HAVE_DLFCN_H 1
| #define LT_OBJDIR ".libs/"
| /* end confdefs.h.  */
| 
| /* Override any GCC internal prototype to avoid an error.
|    Use char because int might match the return type of a GCC
|    builtin and then its argument prototype would still apply.  */
| #ifdef __cplusplus
| extern "C"
| #endif
| char omp_set_num_threads ();
| int
| main ()
| {
| return omp_set_num_threads ();
|   ;
|   return 0;
| }
configure:16214: /usr/local/Cellar/emscripten/1.39.11/libexec/emcc -o conftest -g -O2 -xopenmp   conftest.c  >&5
clang-6.0: error: language not recognized: 'openmp'
clang-6.0: warning: conftest.c: 'linker' input unused [-Wunused-command-line-argument]
shared:ERROR: '/usr/local/opt/emscripten/libexec/llvm/bin/clang++ -target asmjs-unknown-emscripten -D__EMSCRIPTEN_major__=1 -D__EMSCRIPTEN_minor__=39 -D__EMSCRIPTEN_tiny__=11 -D_LIBCPP_ABI_VERSION=2 -Werror=implicit-function-declaration -Xclang -nostdsysteminc -Xclang -isystem/usr/local/Cellar/emscripten/1.39.11/libexec/system/include/libcxx -Xclang -isystem/usr/local/Cellar/emscripten/1.39.11/libexec/system/lib/libcxxabi/include -Xclang -isystem/usr/local/Cellar/emscripten/1.39.11/libexec/system/lib/libunwind/include -Xclang -isystem/usr/local/Cellar/emscripten/1.39.11/libexec/system/include/compat -Xclang -isystem/usr/local/Cellar/emscripten/1.39.11/libexec/system/include -Xclang -isystem/usr/local/Cellar/emscripten/1.39.11/libexec/system/include/libc -Xclang -isystem/usr/local/Cellar/emscripten/1.39.11/libexec/system/lib/libc/musl/arch/emscripten -Xclang -isystem/usr/local/Cellar/emscripten/1.39.11/libexec/system/local/include -Xclang -isystem/Users/alex/.emscripten_cache/asmjs/include -g -O2 -xopenmp -DEMSCRIPTEN -mllvm -disable-llvm-optzns conftest.c -Xclang -disable-O0-optnone -Xclang -isystem/usr/local/Cellar/emscripten/1.39.11/libexec/system/include/SDL -c -o /var/folders/hr/tx4f4xr90jl0621d3__lxd400000gn/T/emscripten_temp_baRFCs/conftest_0.o -emit-llvm' failed (1)
configure:16214: $? = 1
configure: failed program was:
| /* confdefs.h */
| #define PACKAGE_NAME "LibRaw"
| #define PACKAGE_TARNAME "libraw"
| #define PACKAGE_VERSION "0.19.5"
| #define PACKAGE_STRING "LibRaw 0.19.5"
| #define PACKAGE_BUGREPORT "info@libraw.org"
| #define PACKAGE_URL "http://www.libraw.org"
| #define STDC_HEADERS 1
| #define HAVE_SYS_TYPES_H 1
| #define HAVE_SYS_STAT_H 1
| #define HAVE_STDLIB_H 1
| #define HAVE_STRING_H 1
| #define HAVE_MEMORY_H 1
| #define HAVE_STRINGS_H 1
| #define HAVE_INTTYPES_H 1
| #define HAVE_STDINT_H 1
| #define HAVE_UNISTD_H 1
| #define HAVE_DLFCN_H 1
| #define LT_OBJDIR ".libs/"
| /* end confdefs.h.  */
| 
| /* Override any GCC internal prototype to avoid an error.
|    Use char because int might match the return type of a GCC
|    builtin and then its argument prototype would still apply.  */
| #ifdef __cplusplus
| extern "C"
| #endif
| char omp_set_num_threads ();
| int
| main ()
| {
| return omp_set_num_threads ();
|   ;
|   return 0;
| }
configure:16214: /usr/local/Cellar/emscripten/1.39.11/libexec/emcc -o conftest -g -O2 -omp   conftest.c  >&5
shared:WARNING: Assuming object file output in the absence of `-c`, based on output filename. Please add with `-c` or `-r` to avoid this warning
configure:16214: $? = 0
configure: failed program was:
| /* confdefs.h */
| #define PACKAGE_NAME "LibRaw"
| #define PACKAGE_TARNAME "libraw"
| #define PACKAGE_VERSION "0.19.5"
| #define PACKAGE_STRING "LibRaw 0.19.5"
| #define PACKAGE_BUGREPORT "info@libraw.org"
| #define PACKAGE_URL "http://www.libraw.org"
| #define STDC_HEADERS 1
| #define HAVE_SYS_TYPES_H 1
| #define HAVE_SYS_STAT_H 1
| #define HAVE_STDLIB_H 1
| #define HAVE_STRING_H 1
| #define HAVE_MEMORY_H 1
| #define HAVE_STRINGS_H 1
| #define HAVE_INTTYPES_H 1
| #define HAVE_STDINT_H 1
| #define HAVE_UNISTD_H 1
| #define HAVE_DLFCN_H 1
| #define LT_OBJDIR ".libs/"
| /* end confdefs.h.  */
| 
| /* Override any GCC internal prototype to avoid an error.
|    Use char because int might match the return type of a GCC
|    builtin and then its argument prototype would still apply.  */
| #ifdef __cplusplus
| extern "C"
| #endif
| char omp_set_num_threads ();
| int
| main ()
| {
| return omp_set_num_threads ();
|   ;
|   return 0;
| }
configure:16214: /usr/local/Cellar/emscripten/1.39.11/libexec/emcc -o conftest -g -O2 -qsmp=omp   conftest.c  >&5
clang-6.0: error: unknown argument: '-qsmp=omp'
shared:ERROR: '/usr/local/opt/emscripten/libexec/llvm/bin/clang -target asmjs-unknown-emscripten -D__EMSCRIPTEN_major__=1 -D__EMSCRIPTEN_minor__=39 -D__EMSCRIPTEN_tiny__=11 -D_LIBCPP_ABI_VERSION=2 -Werror=implicit-function-declaration -Xclang -nostdsysteminc -Xclang -isystem/usr/local/Cellar/emscripten/1.39.11/libexec/system/include/libcxx -Xclang -isystem/usr/local/Cellar/emscripten/1.39.11/libexec/system/lib/libcxxabi/include -Xclang -isystem/usr/local/Cellar/emscripten/1.39.11/libexec/system/lib/libunwind/include -Xclang -isystem/usr/local/Cellar/emscripten/1.39.11/libexec/system/include/compat -Xclang -isystem/usr/local/Cellar/emscripten/1.39.11/libexec/system/include -Xclang -isystem/usr/local/Cellar/emscripten/1.39.11/libexec/system/include/libc -Xclang -isystem/usr/local/Cellar/emscripten/1.39.11/libexec/system/lib/libc/musl/arch/emscripten -Xclang -isystem/usr/local/Cellar/emscripten/1.39.11/libexec/system/local/include -Xclang -isystem/Users/alex/.emscripten_cache/asmjs/include -g -O2 -qsmp=omp -DEMSCRIPTEN -mllvm -disable-llvm-optzns conftest.c -Xclang -disable-O0-optnone -Xclang -isystem/usr/local/Cellar/emscripten/1.39.11/libexec/system/include/SDL -c -o /var/folders/hr/tx4f4xr90jl0621d3__lxd400000gn/T/emscripten_temp_1iwuoN/conftest_0.o -emit-llvm' failed (1)
configure:16214: $? = 1
configure: failed program was:
| /* confdefs.h */
| #define PACKAGE_NAME "LibRaw"
| #define PACKAGE_TARNAME "libraw"
| #define PACKAGE_VERSION "0.19.5"
| #define PACKAGE_STRING "LibRaw 0.19.5"
| #define PACKAGE_BUGREPORT "info@libraw.org"
| #define PACKAGE_URL "http://www.libraw.org"
| #define STDC_HEADERS 1
| #define HAVE_SYS_TYPES_H 1
| #define HAVE_SYS_STAT_H 1
| #define HAVE_STDLIB_H 1
| #define HAVE_STRING_H 1
| #define HAVE_MEMORY_H 1
| #define HAVE_STRINGS_H 1
| #define HAVE_INTTYPES_H 1
| #define HAVE_STDINT_H 1
| #define HAVE_UNISTD_H 1
| #define HAVE_DLFCN_H 1
| #define LT_OBJDIR ".libs/"
| /* end confdefs.h.  */
| 
| /* Override any GCC internal prototype to avoid an error.
|    Use char because int might match the return type of a GCC
|    builtin and then its argument prototype would still apply.  */
| #ifdef __cplusplus
| extern "C"
| #endif
| char omp_set_num_threads ();
| int
| main ()
| {
| return omp_set_num_threads ();
|   ;
|   return 0;
| }
configure:16214: /usr/local/Cellar/emscripten/1.39.11/libexec/emcc -o conftest    conftest.c  >&5
[0;33mwarning:[0m unexpected number of arguments 0 in call to 'omp_set_num_threads', should be 1
error: undefined symbol: omp_set_num_threads
warning: To disable errors for undefined symbols use `-s ERROR_ON_UNDEFINED_SYMBOLS=0`
warning: _omp_set_num_threads may need to be added to EXPORTED_FUNCTIONS if it arrives from a system library
Error: Aborting compilation due to previous errors
shared:ERROR: '/usr/local/bin/node /usr/local/Cellar/emscripten/1.39.11/libexec/src/compiler.js /var/folders/hr/tx4f4xr90jl0621d3__lxd400000gn/T/tmp36W6oj.txt' failed (1)
configure:16214: $? = 1
configure: failed program was:
| /* confdefs.h */
| #define PACKAGE_NAME "LibRaw"
| #define PACKAGE_TARNAME "libraw"
| #define PACKAGE_VERSION "0.19.5"
| #define PACKAGE_STRING "LibRaw 0.19.5"
| #define PACKAGE_BUGREPORT "info@libraw.org"
| #define PACKAGE_URL "http://www.libraw.org"
| #define STDC_HEADERS 1
| #define HAVE_SYS_TYPES_H 1
| #define HAVE_SYS_STAT_H 1
| #define HAVE_STDLIB_H 1
| #define HAVE_STRING_H 1
| #define HAVE_MEMORY_H 1
| #define HAVE_STRINGS_H 1
| #define HAVE_INTTYPES_H 1
| #define HAVE_STDINT_H 1
| #define HAVE_UNISTD_H 1
| #define HAVE_DLFCN_H 1
| #define LT_OBJDIR ".libs/"
| /* end confdefs.h.  */
| 
| /* Override any GCC internal prototype to avoid an error.
|    Use char because int might match the return type of a GCC
|    builtin and then its argument prototype would still apply.  */
| #ifdef __cplusplus
| extern "C"
| #endif
| char omp_set_num_threads ();
| int
| main ()
| {
| return omp_set_num_threads ();
|   ;
|   return 0;
| }
configure:16223: result: unknown
configure:16227: WARNING: OpenMP support cannot be enabled because your system doesn't support it.
configure:16258: checking for jpeg_mem_src in -ljpeg
configure:16283: /usr/local/Cellar/emscripten/1.39.11/libexec/emcc -o conftest -g -O2   conftest.c -ljpeg   >&5
shared:ERROR: emcc: cannot find library "jpeg"
configure:16283: $? = 1
configure: failed program was:
| /* confdefs.h */
| #define PACKAGE_NAME "LibRaw"
| #define PACKAGE_TARNAME "libraw"
| #define PACKAGE_VERSION "0.19.5"
| #define PACKAGE_STRING "LibRaw 0.19.5"
| #define PACKAGE_BUGREPORT "info@libraw.org"
| #define PACKAGE_URL "http://www.libraw.org"
| #define STDC_HEADERS 1
| #define HAVE_SYS_TYPES_H 1
| #define HAVE_SYS_STAT_H 1
| #define HAVE_STDLIB_H 1
| #define HAVE_STRING_H 1
| #define HAVE_MEMORY_H 1
| #define HAVE_STRINGS_H 1
| #define HAVE_INTTYPES_H 1
| #define HAVE_STDINT_H 1
| #define HAVE_UNISTD_H 1
| #define HAVE_DLFCN_H 1
| #define LT_OBJDIR ".libs/"
| /* end confdefs.h.  */
| 
| /* Override any GCC internal prototype to avoid an error.
|    Use char because int might match the return type of a GCC
|    builtin and then its argument prototype would still apply.  */
| #ifdef __cplusplus
| extern "C"
| #endif
| char jpeg_mem_src ();
| int
| main ()
| {
| return jpeg_mem_src ();
|   ;
|   return 0;
| }
configure:16292: result: no
configure:16316: WARNING: libjpeg not found
configure:16337: checking for jas_init in -ljasper
configure:16362: /usr/local/Cellar/emscripten/1.39.11/libexec/emcc -o conftest -g -O2   conftest.c -ljasper   >&5
shared:ERROR: emcc: cannot find library "jasper"
configure:16362: $? = 1
configure: failed program was:
| /* confdefs.h */
| #define PACKAGE_NAME "LibRaw"
| #define PACKAGE_TARNAME "libraw"
| #define PACKAGE_VERSION "0.19.5"
| #define PACKAGE_STRING "LibRaw 0.19.5"
| #define PACKAGE_BUGREPORT "info@libraw.org"
| #define PACKAGE_URL "http://www.libraw.org"
| #define STDC_HEADERS 1
| #define HAVE_SYS_TYPES_H 1
| #define HAVE_SYS_STAT_H 1
| #define HAVE_STDLIB_H 1
| #define HAVE_STRING_H 1
| #define HAVE_MEMORY_H 1
| #define HAVE_STRINGS_H 1
| #define HAVE_INTTYPES_H 1
| #define HAVE_STDINT_H 1
| #define HAVE_UNISTD_H 1
| #define HAVE_DLFCN_H 1
| #define LT_OBJDIR ".libs/"
| /* end confdefs.h.  */
| 
| /* Override any GCC internal prototype to avoid an error.
|    Use char because int might match the return type of a GCC
|    builtin and then its argument prototype would still apply.  */
| #ifdef __cplusplus
| extern "C"
| #endif
| char jas_init ();
| int
| main ()
| {
| return jas_init ();
|   ;
|   return 0;
| }
configure:16371: result: no
configure:16395: WARNING: libjasper not found
configure:16472: checking for pkg-config
configure:16490: found /usr/local/bin/pkg-config
configure:16502: result: /usr/local/bin/pkg-config
configure:16527: checking pkg-config is at least version 0.9.0
configure:16530: result: yes
configure:16540: checking for LCMS2
configure:16547: $PKG_CONFIG --exists --print-errors "lcms2"
Package lcms2 was not found in the pkg-config search path.
Perhaps you should add the directory containing `lcms2.pc'
to the PKG_CONFIG_PATH environment variable
No package 'lcms2' found
configure:16550: $? = 1
configure:16564: $PKG_CONFIG --exists --print-errors "lcms2"
Package lcms2 was not found in the pkg-config search path.
Perhaps you should add the directory containing `lcms2.pc'
to the PKG_CONFIG_PATH environment variable
No package 'lcms2' found
configure:16567: $? = 1
configure:16581: result: no
No package 'lcms2' found
configure:16600: checking for LCMS
configure:16607: $PKG_CONFIG --exists --print-errors "lcms"
Package lcms was not found in the pkg-config search path.
Perhaps you should add the directory containing `lcms.pc'
to the PKG_CONFIG_PATH environment variable
No package 'lcms' found
configure:16610: $? = 1
configure:16624: $PKG_CONFIG --exists --print-errors "lcms"
Package lcms was not found in the pkg-config search path.
Perhaps you should add the directory containing `lcms.pc'
to the PKG_CONFIG_PATH environment variable
No package 'lcms' found
configure:16627: $? = 1
configure:16641: result: no
No package 'lcms' found
configure:16658: WARNING: LCMS support cannot be enabled
configure:16955: checking that generated files are newer than configure
configure:16961: result: done
configure:16992: creating ./config.status

## ---------------------- ##
## Running config.status. ##
## ---------------------- ##

This file was extended by LibRaw config.status 0.19.5, which was
generated by GNU Autoconf 2.69.  Invocation command line was

  CONFIG_FILES    = 
  CONFIG_HEADERS  = 
  CONFIG_LINKS    = 
  CONFIG_COMMANDS = 
  $ ./config.status 

on alex-barlow.lan

config.status:1084: creating Makefile
config.status:1084: creating libraw.pc
config.status:1084: creating libraw_r.pc
config.status:1256: executing depfiles commands
config.status:1256: executing libtool commands

## ---------------- ##
## Cache variables. ##
## ---------------- ##

ac_cv_build=x86_64-apple-darwin19.4.0
ac_cv_c_compiler_gnu=yes
ac_cv_cxx_compiler_gnu=yes
ac_cv_env_CCC_set=
ac_cv_env_CCC_value=
ac_cv_env_CC_set=set
ac_cv_env_CC_value=/usr/local/Cellar/emscripten/1.39.11/libexec/emcc
ac_cv_env_CFLAGS_set=
ac_cv_env_CFLAGS_value=
ac_cv_env_CPPFLAGS_set=
ac_cv_env_CPPFLAGS_value=
ac_cv_env_CPP_set=
ac_cv_env_CPP_value=
ac_cv_env_CXXCPP_set=
ac_cv_env_CXXCPP_value=
ac_cv_env_CXXFLAGS_set=
ac_cv_env_CXXFLAGS_value=
ac_cv_env_CXX_set=set
ac_cv_env_CXX_value=/usr/local/Cellar/emscripten/1.39.11/libexec/em++
ac_cv_env_LCMS2_CFLAGS_set=
ac_cv_env_LCMS2_CFLAGS_value=
ac_cv_env_LCMS2_LIBS_set=
ac_cv_env_LCMS2_LIBS_value=
ac_cv_env_LCMS_CFLAGS_set=
ac_cv_env_LCMS_CFLAGS_value=
ac_cv_env_LCMS_LIBS_set=
ac_cv_env_LCMS_LIBS_value=
ac_cv_env_LDFLAGS_set=
ac_cv_env_LDFLAGS_value=
ac_cv_env_LIBS_set=
ac_cv_env_LIBS_value=
ac_cv_env_LT_SYS_LIBRARY_PATH_set=
ac_cv_env_LT_SYS_LIBRARY_PATH_value=
ac_cv_env_PKG_CONFIG_LIBDIR_set=set
ac_cv_env_PKG_CONFIG_LIBDIR_value=/usr/local/Cellar/emscripten/1.39.11/libexec/system/local/lib/pkgconfig:/usr/local/Cellar/emscripten/1.39.11/libexec/system/lib/pkgconfig
ac_cv_env_PKG_CONFIG_PATH_set=set
ac_cv_env_PKG_CONFIG_PATH_value=
ac_cv_env_PKG_CONFIG_set=
ac_cv_env_PKG_CONFIG_value=
ac_cv_env_build_alias_set=
ac_cv_env_build_alias_value=
ac_cv_env_host_alias_set=
ac_cv_env_host_alias_value=
ac_cv_env_target_alias_set=
ac_cv_env_target_alias_value=
ac_cv_header_dlfcn_h=yes
ac_cv_header_inttypes_h=yes
ac_cv_header_memory_h=yes
ac_cv_header_stdc=yes
ac_cv_header_stdint_h=yes
ac_cv_header_stdlib_h=yes
ac_cv_header_string_h=yes
ac_cv_header_strings_h=yes
ac_cv_header_sys_stat_h=yes
ac_cv_header_sys_types_h=yes
ac_cv_header_unistd_h=yes
ac_cv_host=x86_64-apple-darwin19.4.0
ac_cv_lib_jasper_jas_init=no
ac_cv_lib_jpeg_jpeg_mem_src=no
ac_cv_objext=o
ac_cv_path_EGREP='/usr/bin/grep -E'
ac_cv_path_FGREP='/usr/bin/grep -F'
ac_cv_path_GREP=/usr/bin/grep
ac_cv_path_SED=/usr/bin/sed
ac_cv_path_ac_pt_PKG_CONFIG=/usr/local/bin/pkg-config
ac_cv_path_install='/usr/bin/install -c'
ac_cv_path_lt_DD=/bin/dd
ac_cv_prog_AWK=awk
ac_cv_prog_CPP='/usr/local/Cellar/emscripten/1.39.11/libexec/emcc -E'
ac_cv_prog_CXXCPP='/usr/local/Cellar/emscripten/1.39.11/libexec/em++ -E'
ac_cv_prog_ac_ct_CC=/usr/local/Cellar/emscripten/1.39.11/libexec/emcc
ac_cv_prog_ac_ct_DSYMUTIL=dsymutil
ac_cv_prog_ac_ct_LIPO=lipo
ac_cv_prog_ac_ct_NMEDIT=nmedit
ac_cv_prog_ac_ct_OBJDUMP=objdump
ac_cv_prog_ac_ct_OTOOL=otool
ac_cv_prog_ac_ct_RANLIB=/usr/local/Cellar/emscripten/1.39.11/libexec/emranlib
ac_cv_prog_ac_ct_STRIP=strip
ac_cv_prog_cc_c89=
ac_cv_prog_cc_g=yes
ac_cv_prog_cxx_g=yes
ac_cv_prog_make_make_set=yes
am_cv_CC_dependencies_compiler_type=gcc3
am_cv_CXX_dependencies_compiler_type=gcc3
am_cv_make_support_nested_variables=yes
am_cv_prog_cc_c_o=yes
ax_cv_c_openmp=unknown
lt_cv_apple_cc_single_mod=no
lt_cv_ar_at_file=@
lt_cv_archive_cmds_need_lc=yes
lt_cv_deplibs_check_method=pass_all
lt_cv_file_magic_cmd='$MAGIC_CMD'
lt_cv_file_magic_test_file=
lt_cv_ld_exported_symbols_list=yes
lt_cv_ld_force_load=no
lt_cv_ld_reload_flag=-r
lt_cv_nm_interface='BSD nm'
lt_cv_objdir=.libs
lt_cv_path_LD=/usr/local/Cellar/emscripten/1.39.11/libexec/emcc
lt_cv_path_LDCXX=/usr/local/Cellar/emscripten/1.39.11/libexec/emcc
lt_cv_path_NM=/usr/local/opt/emscripten/libexec/llvm/bin/llvm-nm
lt_cv_path_mainfest_tool=no
lt_cv_prog_compiler_c_o=yes
lt_cv_prog_compiler_c_o_CXX=yes
lt_cv_prog_compiler_pic='-fno-common -DPIC'
lt_cv_prog_compiler_pic_CXX='-fno-common -DPIC'
lt_cv_prog_compiler_pic_works=yes
lt_cv_prog_compiler_pic_works_CXX=yes
lt_cv_prog_compiler_rtti_exceptions=yes
lt_cv_prog_compiler_static_works=yes
lt_cv_prog_compiler_static_works_CXX=yes
lt_cv_prog_gnu_ld=yes
lt_cv_prog_gnu_ldcxx=yes
lt_cv_sharedlib_from_linklib_cmd='printf %s\n'
lt_cv_sys_global_symbol_pipe='sed -n -e '\''s/^.*[	 ]\([BCDEGRST][BCDEGRST]*\)[	 ][	 ]*\([_A-Za-z][_A-Za-z0-9]*\)$/\1 \2 \2/p'\'' | sed '\''/ __gnu_lto/d'\'''
lt_cv_sys_global_symbol_to_c_name_address='sed -n -e '\''s/^: \(.*\) .*$/  {"\1", (void *) 0},/p'\'' -e '\''s/^[BCDEGRST][BCDEGRST]* .* \(.*\)$/  {"\1", (void *) \&\1},/p'\'''
lt_cv_sys_global_symbol_to_c_name_address_lib_prefix='sed -n -e '\''s/^: \(.*\) .*$/  {"\1", (void *) 0},/p'\'' -e '\''s/^[BCDEGRST][BCDEGRST]* .* \(lib.*\)$/  {"\1", (void *) \&\1},/p'\'' -e '\''s/^[BCDEGRST][BCDEGRST]* .* \(.*\)$/  {"lib\1", (void *) \&\1},/p'\'''
lt_cv_sys_global_symbol_to_cdecl='sed -n -e '\''s/^T .* \(.*\)$/extern int \1();/p'\'' -e '\''s/^[BCDEGRST][BCDEGRST]* .* \(.*\)$/extern char \1;/p'\'''
lt_cv_sys_global_symbol_to_import=
lt_cv_sys_max_cmd_len=196608
lt_cv_to_host_file_cmd=func_convert_file_noop
lt_cv_to_tool_file_cmd=func_convert_file_noop
lt_cv_truncate_bin='/bin/dd bs=4096 count=1'

## ----------------- ##
## Output variables. ##
## ----------------- ##

ACLOCAL='${SHELL} /Users/alex/Desktop/rawtest/rawr/libraw/missing aclocal-1.15'
AMDEPBACKSLASH='\'
AMDEP_FALSE='#'
AMDEP_TRUE=''
AMTAR='$${TAR-tar}'
AM_BACKSLASH='\'
AM_DEFAULT_V='$(AM_DEFAULT_VERBOSITY)'
AM_DEFAULT_VERBOSITY='1'
AM_V='$(V)'
AR='/usr/local/Cellar/emscripten/1.39.11/libexec/emar'
AS='as'
AUTOCONF='${SHELL} /Users/alex/Desktop/rawtest/rawr/libraw/missing autoconf'
AUTOHEADER='${SHELL} /Users/alex/Desktop/rawtest/rawr/libraw/missing autoheader'
AUTOMAKE='${SHELL} /Users/alex/Desktop/rawtest/rawr/libraw/missing automake-1.15'
AWK='awk'
CC='/usr/local/Cellar/emscripten/1.39.11/libexec/emcc'
CCDEPMODE='depmode=gcc3'
CFLAGS='-g -O2'
CPP='/usr/local/Cellar/emscripten/1.39.11/libexec/emcc -E'
CPPFLAGS=''
CXX='/usr/local/Cellar/emscripten/1.39.11/libexec/em++'
CXXCPP='/usr/local/Cellar/emscripten/1.39.11/libexec/em++ -E'
CXXDEPMODE='depmode=gcc3'
CXXFLAGS='-g -O2'
CYGPATH_W='echo'
DEFS='-DPACKAGE_NAME=\"LibRaw\" -DPACKAGE_TARNAME=\"libraw\" -DPACKAGE_VERSION=\"0.19.5\" -DPACKAGE_STRING=\"LibRaw\ 0.19.5\" -DPACKAGE_BUGREPORT=\"info@libraw.org\" -DPACKAGE_URL=\"http://www.libraw.org\" -DSTDC_HEADERS=1 -DHAVE_SYS_TYPES_H=1 -DHAVE_SYS_STAT_H=1 -DHAVE_STDLIB_H=1 -DHAVE_STRING_H=1 -DHAVE_MEMORY_H=1 -DHAVE_STRINGS_H=1 -DHAVE_INTTYPES_H=1 -DHAVE_STDINT_H=1 -DHAVE_UNISTD_H=1 -DHAVE_DLFCN_H=1 -DLT_OBJDIR=\".libs/\"'
DEPDIR='.deps'
DLLTOOL='false'
DSYMUTIL='dsymutil'
DUMPBIN=''
ECHO_C='\c'
ECHO_N=''
ECHO_T=''
EGREP='/usr/bin/grep -E'
EXAMPLES_FALSE='#'
EXAMPLES_TRUE=''
EXEEXT=''
FGREP='/usr/bin/grep -F'
GREP='/usr/bin/grep'
INSTALL_DATA='${INSTALL} -m 644'
INSTALL_PROGRAM='${INSTALL}'
INSTALL_SCRIPT='${INSTALL}'
INSTALL_STRIP_PROGRAM='$(install_sh) -c -s'
LCMS2_CFLAGS=''
LCMS2_LIBS=''
LCMS_CFLAGS=''
LCMS_LIBS=''
LD='/usr/local/Cellar/emscripten/1.39.11/libexec/emcc'
LDFLAGS=''
LIBOBJS=''
LIBRAW_RELEASE_VERSION='0.19.5'
LIBRAW_SHLIB_VERSION='19:2:0'
LIBS=' -lm'
LIBTOOL='$(SHELL) $(top_builddir)/libtool'
LIBTOOL_DEPS='./ltmain.sh'
LIPO='lipo'
LN_S='ln -s'
LTLIBOBJS=''
LT_SYS_LIBRARY_PATH=''
MAKEINFO='${SHELL} /Users/alex/Desktop/rawtest/rawr/libraw/missing makeinfo'
MANIFEST_TOOL=':'
MKDIR_P='./install-sh -c -d'
NM='/usr/local/opt/emscripten/libexec/llvm/bin/llvm-nm'
NMEDIT='nmedit'
OBJDUMP='objdump'
OBJEXT='o'
OTOOL64=':'
OTOOL='otool'
PACKAGE='libraw'
PACKAGE_BUGREPORT='info@libraw.org'
PACKAGE_NAME='LibRaw'
PACKAGE_REQUIRES=''
PACKAGE_STRING='LibRaw 0.19.5'
PACKAGE_TARNAME='libraw'
PACKAGE_URL='http://www.libraw.org'
PACKAGE_VERSION='0.19.5'
PATH_SEPARATOR=':'
PC_OPENMP=''
PKG_CONFIG='/usr/local/bin/pkg-config'
PKG_CONFIG_LIBDIR='/usr/local/Cellar/emscripten/1.39.11/libexec/system/local/lib/pkgconfig:/usr/local/Cellar/emscripten/1.39.11/libexec/system/lib/pkgconfig'
PKG_CONFIG_PATH=''
RANLIB='/usr/local/Cellar/emscripten/1.39.11/libexec/emranlib'
SED='/usr/bin/sed'
SET_MAKE=''
SHELL='/bin/sh'
STRIP='strip'
VERSION='0.19.5'
ac_ct_AR=''
ac_ct_CC='/usr/local/Cellar/emscripten/1.39.11/libexec/emcc'
ac_ct_CXX=''
ac_ct_DUMPBIN=''
am__EXEEXT_FALSE=''
am__EXEEXT_TRUE='#'
am__fastdepCC_FALSE='#'
am__fastdepCC_TRUE=''
am__fastdepCXX_FALSE='#'
am__fastdepCXX_TRUE=''
am__include='include'
am__isrc=''
am__leading_dot='.'
am__nodep='_no'
am__quote=''
am__tar='$${TAR-tar} chof - "$$tardir"'
am__untar='$${TAR-tar} xf -'
bindir='${exec_prefix}/bin'
build='x86_64-apple-darwin19.4.0'
build_alias=''
build_cpu='x86_64'
build_os='darwin19.4.0'
build_vendor='apple'
datadir='${datarootdir}'
datarootdir='${prefix}/share'
docdir='${datarootdir}/doc/${PACKAGE_TARNAME}'
dvidir='${docdir}'
exec_prefix='${prefix}'
host='x86_64-apple-darwin19.4.0'
host_alias=''
host_cpu='x86_64'
host_os='darwin19.4.0'
host_vendor='apple'
htmldir='${docdir}'
includedir='${prefix}/include'
infodir='${datarootdir}/info'
install_sh='${SHELL} /Users/alex/Desktop/rawtest/rawr/libraw/install-sh'
libdir='${exec_prefix}/lib'
libexecdir='${exec_prefix}/libexec'
localedir='${datarootdir}/locale'
localstatedir='${prefix}/var'
mandir='${datarootdir}/man'
mkdir_p='$(MKDIR_P)'
oldincludedir='/usr/include'
pdfdir='${docdir}'
prefix='/usr/local'
program_transform_name='s,x,x,'
psdir='${docdir}'
sbindir='${exec_prefix}/sbin'
sharedstatedir='${prefix}/com'
sysconfdir='${prefix}/etc'
target_alias=''

## ----------- ##
## confdefs.h. ##
## ----------- ##

/* confdefs.h */
#define PACKAGE_NAME "LibRaw"
#define PACKAGE_TARNAME "libraw"
#define PACKAGE_VERSION "0.19.5"
#define PACKAGE_STRING "LibRaw 0.19.5"
#define PACKAGE_BUGREPORT "info@libraw.org"
#define PACKAGE_URL "http://www.libraw.org"
#define STDC_HEADERS 1
#define HAVE_SYS_TYPES_H 1
#define HAVE_SYS_STAT_H 1
#define HAVE_STDLIB_H 1
#define HAVE_STRING_H 1
#define HAVE_MEMORY_H 1
#define HAVE_STRINGS_H 1
#define HAVE_INTTYPES_H 1
#define HAVE_STDINT_H 1
#define HAVE_UNISTD_H 1
#define HAVE_DLFCN_H 1
#define LT_OBJDIR ".libs/"

configure: exit 0
